2020-07-04 00:00:01,016 INFO 4580 [egg-logrotator] app logger reload: got log-reload message
2020-07-06 08:36:16,906 INFO 5748 [egg:logger] init all loggers with options: {"dir":"E:\\项目\\xiangmu2\\server\\server\\logs\\server","encoding":"utf8","env":"local","level":"INFO","consoleLevel":"INFO","disableConsoleAfterReady":false,"outputJSON":false,"buffer":true,"appLogName":"server-web.log","coreLogName":"egg-web.log","agentLogName":"egg-agent.log","errorLogName":"common-error.log","coreLogger":{"consoleLevel":"WARN"},"allowDebugAtProd":false,"type":"application"}
2020-07-06 08:36:16,935 INFO 5748 [egg-multipart] stream mode enable
2020-07-06 08:36:17,775 INFO 5748 [egg-mongoose] connecting mongodb://127.0.0.1/shoppingMall
2020-07-06 08:36:18,719 INFO 5748 [egg-static] starting static serve /public/ -> E:\项目\xiangmu2\server\server\app\public
2020-07-06 08:36:18,721 INFO 5748 [egg-security] use methodnoallow middleware
2020-07-06 08:36:18,722 INFO 5748 [egg-security] use noopen middleware
2020-07-06 08:36:18,724 INFO 5748 [egg-security] use nosniff middleware
2020-07-06 08:36:18,724 INFO 5748 [egg-security] use xssProtection middleware
2020-07-06 08:36:18,725 INFO 5748 [egg-security] use xframe middleware
2020-07-06 08:36:18,726 INFO 5748 [egg-security] use dta middleware
2020-07-06 08:36:18,726 INFO 5748 [egg-security] compose 6 middlewares into one security middleware
2020-07-06 08:36:18,754 INFO 5748 [egg:core] dump config after load, 6ms
2020-07-06 08:36:18,759 INFO 5748 [egg-mongoose] starting...
2020-07-06 08:36:18,212 INFO 2300 [egg:logger] init all loggers with options: {"dir":"E:\\项目\\xiangmu2\\server\\server\\logs\\server","encoding":"utf8","env":"local","level":"INFO","consoleLevel":"INFO","disableConsoleAfterReady":false,"outputJSON":false,"buffer":true,"appLogName":"server-web.log","coreLogName":"egg-web.log","agentLogName":"egg-agent.log","errorLogName":"common-error.log","coreLogger":{"consoleLevel":"WARN"},"allowDebugAtProd":false,"type":"application"}
2020-07-06 08:36:18,241 INFO 2300 [egg-multipart] stream mode enable
2020-07-06 08:36:18,602 INFO 2300 [egg-mongoose] connecting mongodb://127.0.0.1/shoppingMall
2020-07-06 08:36:18,900 INFO 2300 [egg-static] starting static serve /public/ -> E:\项目\xiangmu2\server\server\app\public
2020-07-06 08:36:18,902 INFO 2300 [egg-security] use methodnoallow middleware
2020-07-06 08:36:18,903 INFO 2300 [egg-security] use noopen middleware
2020-07-06 08:36:18,904 INFO 2300 [egg-security] use nosniff middleware
2020-07-06 08:36:18,904 INFO 2300 [egg-security] use xssProtection middleware
2020-07-06 08:36:18,905 INFO 2300 [egg-security] use xframe middleware
2020-07-06 08:36:18,905 INFO 2300 [egg-security] use dta middleware
2020-07-06 08:36:18,906 INFO 2300 [egg-security] compose 6 middlewares into one security middleware
2020-07-06 08:36:18,924 INFO 2300 [egg:core] dump config after load, 5ms
2020-07-06 08:36:18,929 INFO 2300 [egg-mongoose] starting...
2020-07-06 08:36:18,976 INFO 2300 [egg-mongoose] mongodb://127.0.0.1/shoppingMall connected successfully
2020-07-06 08:36:18,990 INFO 2300 [egg-mongoose] instance[0] start successfully
2020-07-06 08:36:18,998 INFO 2300 [egg-watcher:application] watcher start success
2020-07-06 08:36:19,007 INFO 2300 [egg:core] dump config after ready, 7ms
2020-07-06 08:36:19,986 INFO 10808 [egg:logger] init all loggers with options: {"dir":"E:\\项目\\xiangmu2\\server\\server\\logs\\server","encoding":"utf8","env":"local","level":"INFO","consoleLevel":"INFO","disableConsoleAfterReady":false,"outputJSON":false,"buffer":true,"appLogName":"server-web.log","coreLogName":"egg-web.log","agentLogName":"egg-agent.log","errorLogName":"common-error.log","coreLogger":{"consoleLevel":"WARN"},"allowDebugAtProd":false,"type":"application"}
2020-07-06 08:36:20,015 INFO 10808 [egg-multipart] stream mode enable
2020-07-06 08:36:20,382 INFO 10808 [egg-mongoose] connecting mongodb://127.0.0.1/shoppingMall
2020-07-06 08:36:20,637 INFO 10808 [egg-static] starting static serve /public/ -> E:\项目\xiangmu2\server\server\app\public
2020-07-06 08:36:20,639 INFO 10808 [egg-security] use methodnoallow middleware
2020-07-06 08:36:20,640 INFO 10808 [egg-security] use noopen middleware
2020-07-06 08:36:20,641 INFO 10808 [egg-security] use nosniff middleware
2020-07-06 08:36:20,641 INFO 10808 [egg-security] use xssProtection middleware
2020-07-06 08:36:20,642 INFO 10808 [egg-security] use xframe middleware
2020-07-06 08:36:20,642 INFO 10808 [egg-security] use dta middleware
2020-07-06 08:36:20,642 INFO 10808 [egg-security] compose 6 middlewares into one security middleware
2020-07-06 08:36:20,660 INFO 10808 [egg:core] dump config after load, 5ms
2020-07-06 08:36:20,666 INFO 10808 [egg-mongoose] starting...
2020-07-06 08:36:20,736 INFO 10808 [egg-mongoose] mongodb://127.0.0.1/shoppingMall connected successfully
2020-07-06 08:36:20,749 INFO 10808 [egg-mongoose] instance[0] start successfully
2020-07-06 08:36:20,751 INFO 10808 [egg-watcher:application] watcher start success
2020-07-06 08:36:20,762 INFO 10808 [egg:core] dump config after ready, 7ms
2020-07-06 08:36:21,728 INFO 1520 [egg:logger] init all loggers with options: {"dir":"E:\\项目\\xiangmu2\\server\\server\\logs\\server","encoding":"utf8","env":"local","level":"INFO","consoleLevel":"INFO","disableConsoleAfterReady":false,"outputJSON":false,"buffer":true,"appLogName":"server-web.log","coreLogName":"egg-web.log","agentLogName":"egg-agent.log","errorLogName":"common-error.log","coreLogger":{"consoleLevel":"WARN"},"allowDebugAtProd":false,"type":"application"}
2020-07-06 08:36:21,760 INFO 1520 [egg-multipart] stream mode enable
2020-07-06 08:36:22,129 INFO 1520 [egg-mongoose] connecting mongodb://127.0.0.1/shoppingMall
2020-07-06 08:36:22,379 INFO 1520 [egg-static] starting static serve /public/ -> E:\项目\xiangmu2\server\server\app\public
2020-07-06 08:36:22,381 INFO 1520 [egg-security] use methodnoallow middleware
2020-07-06 08:36:22,381 INFO 1520 [egg-security] use noopen middleware
2020-07-06 08:36:22,382 INFO 1520 [egg-security] use nosniff middleware
2020-07-06 08:36:22,383 INFO 1520 [egg-security] use xssProtection middleware
2020-07-06 08:36:22,383 INFO 1520 [egg-security] use xframe middleware
2020-07-06 08:36:22,384 INFO 1520 [egg-security] use dta middleware
2020-07-06 08:36:22,384 INFO 1520 [egg-security] compose 6 middlewares into one security middleware
2020-07-06 08:36:22,402 INFO 1520 [egg:core] dump config after load, 4ms
2020-07-06 08:36:22,408 INFO 1520 [egg-mongoose] starting...
2020-07-06 08:36:22,464 INFO 1520 [egg-mongoose] mongodb://127.0.0.1/shoppingMall connected successfully
2020-07-06 08:36:22,477 INFO 1520 [egg-mongoose] instance[0] start successfully
2020-07-06 08:36:22,479 INFO 1520 [egg-watcher:application] watcher start success
2020-07-06 08:36:22,489 INFO 1520 [egg:core] dump config after ready, 6ms
